------------------------------------------------
Starting Job Search at Wed Jan 28 16:12:22 -03 2026

🤖 STARTING AUTOMATED JOB
SEARCH ENGINE 🤖
Connecting to Google 
Sheets...
Formato y validaciones aplicadas.
⚡ Keywords from cache: 
Desarrollador Backend 
Senior, Data Engineer 
Senior, Senior Fullstack 
Developer, DevSecOps 
Engineer, Microservices 
Architecture, Cloud 
Architect Senior, AWS 
Architect, Senior DevOps 
Engineer, Backend 
Developer Senior, Senior 
Python Developer, 
Infrastructure 
Automation, GCP 
Architect, Senior 
Software Engineer, Senior
Backend Engineer, 
BigQuery Expert, Node.js 
Senior Developer, 
Arquitecto Cloud Senior, 
Ingeniero DevOps Senior, 
Senior Node.js Developer,
Python Senior Developer
🔍 SEARCHING IN 2 PORTALS
FOR 20 KEYWORDS...
